<?xml version="1.0" encoding="UTF-8"?>
<!-- Generated by org.testng.reporters.JUnitXMLReporter -->
<testsuite hostname="USDH3P5MYY2" ignored="0" name="Surefire test" tests="1" failures="1" timestamp="2022-08-19T03:54:46 CEST" time="126.078" errors="0">
  <testcase name="testAutomationPracticeTest" time="116.049" classname="com.AutomationAsginmnt.Apps.TOMMYHILFIGERTest">
    <failure type="java.lang.Exception" message="Error occured in AddNewAddressFlow
 Exception in Click Method While performing click on  =&amp;gt;Proxy element for: DefaultElementLocator &amp;apos;By.xpath: //*[contains(@id,&amp;apos;firstName&amp;apos;)]&amp;apos;is not displayed 
java.lang.Exception: 
 Exception in waitForElementToBeDisplayed Method While Finding error while locating element =&amp;gt; 
org.openqa.selenium.NoSuchWindowException: no such window: target window already closed
from unknown error: web view not found
  (Session info: chrome=103.0.5060.114)
Build info: version: &amp;apos;3.141.59&amp;apos;, revision: &amp;apos;e82be7d358&amp;apos;, time: &amp;apos;2018-11-14T08:17:03&amp;apos;
System info: host: &amp;apos;USDH3P5MYY2&amp;apos;, ip: &amp;apos;192.168.2.4&amp;apos;, os.name: &amp;apos;Windows 10&amp;apos;, os.arch: &amp;apos;amd64&amp;apos;, os.version: &amp;apos;10.0&amp;apos;, java.version: &amp;apos;1.8.0_333&amp;apos;
Driver info: org.openqa.selenium.chrome.ChromeDriver
Capabilities {acceptInsecureCerts: false, browserName: chrome, browserVersion: 103.0.5060.114, chrome: {chromedriverVersion: 103.0.5060.134 (8ec6fce403b..., userDataDir: C:\Users\adash2\AppData\Loc...}, goog:chromeOptions: {debuggerAddress: localhost:60490}, javascriptEnabled: true, networkConnectionEnabled: false, pageLoadStrategy: normal, platform: WINDOWS, platformName: WINDOWS, proxy: Proxy(), setWindowRect: true, strictFileInteractability: false, timeouts: {implicit: 0, pageLoad: 300000, script: 30000}, unhandledPromptBehavior: dismiss and notify, webauthn:extension:credBlob: true, webauthn:extension:largeBlob: true, webauthn:virtualAuthenticators: true}
Session ID: 56b3c44cadf3bed75a75bc63bca761dd
*** Element info: {Using=xpath, value=//*[contains(@id,&amp;apos;firstName&amp;apos;)]}">
      <![CDATA[java.lang.Exception: Error occured in AddNewAddressFlow
 Exception in Click Method While performing click on  =>Proxy element for: DefaultElementLocator 'By.xpath: //*[contains(@id,'firstName')]'is not displayed 
java.lang.Exception: 
 Exception in waitForElementToBeDisplayed Method While Finding error while locating element => 
org.openqa.selenium.NoSuchWindowException: no such window: target window already closed
from unknown error: web view not found
  (Session info: chrome=103.0.5060.114)
Build info: version: '3.141.59', revision: 'e82be7d358', time: '2018-11-14T08:17:03'
System info: host: 'USDH3P5MYY2', ip: '192.168.2.4', os.name: 'Windows 10', os.arch: 'amd64', os.version: '10.0', java.version: '1.8.0_333'
Driver info: org.openqa.selenium.chrome.ChromeDriver
Capabilities {acceptInsecureCerts: false, browserName: chrome, browserVersion: 103.0.5060.114, chrome: {chromedriverVersion: 103.0.5060.134 (8ec6fce403b..., userDataDir: C:\Users\adash2\AppData\Loc...}, goog:chromeOptions: {debuggerAddress: localhost:60490}, javascriptEnabled: true, networkConnectionEnabled: false, pageLoadStrategy: normal, platform: WINDOWS, platformName: WINDOWS, proxy: Proxy(), setWindowRect: true, strictFileInteractability: false, timeouts: {implicit: 0, pageLoad: 300000, script: 30000}, unhandledPromptBehavior: dismiss and notify, webauthn:extension:credBlob: true, webauthn:extension:largeBlob: true, webauthn:virtualAuthenticators: true}
Session ID: 56b3c44cadf3bed75a75bc63bca761dd
*** Element info: {Using=xpath, value=//*[contains(@id,'firstName')]}
at com.AutomationAsginmnt.Apps.TommyHController.AddNewAddressFlow(TommyHController.java:100)
at com.AutomationAsginmnt.Apps.TOMMYHILFIGERTest.testAutomationPracticeTest(TOMMYHILFIGERTest.java:38)
at java.util.ArrayList.forEach(ArrayList.java:1259)
... Removed 31 stack frames]]>
    </failure>
  </testcase> <!-- testAutomationPracticeTest -->
</testsuite> <!-- Surefire test -->
