<?xml version="1.0" encoding="UTF-8"?>
<testng-results skipped="0" failed="1" ignored="0" total="1" passed="0">
  <reporter-output>
  </reporter-output>
  <suite name="Surefire suite" duration-ms="126078" started-at="2022-08-19T03:52:39 CEST" finished-at="2022-08-19T03:54:45 CEST">
    <groups>
    </groups>
    <test name="Surefire test" duration-ms="126078" started-at="2022-08-19T03:52:39 CEST" finished-at="2022-08-19T03:54:45 CEST">
      <class name="com.AutomationAsginmnt.Apps.TOMMYHILFIGERTest">
        <test-method status="PASS" signature="setup()[pri:0, instance:com.AutomationAsginmnt.Apps.TOMMYHILFIGERTest@64bfbc86]" name="setup" is-config="true" duration-ms="182" started-at="2022-08-19T03:52:39 CEST" finished-at="2022-08-19T03:52:39 CEST">
          <reporter-output>
          </reporter-output>
        </test-method> <!-- setup -->
        <test-method status="PASS" signature="launchApp()[pri:0, instance:com.AutomationAsginmnt.Apps.TOMMYHILFIGERTest@64bfbc86]" name="launchApp" is-config="true" duration-ms="8272" started-at="2022-08-19T03:52:39 CEST" finished-at="2022-08-19T03:52:48 CEST">
          <reporter-output>
          </reporter-output>
        </test-method> <!-- launchApp -->
        <test-method status="FAIL" signature="testAutomationPracticeTest()[pri:0, instance:com.AutomationAsginmnt.Apps.TOMMYHILFIGERTest@64bfbc86]" name="testAutomationPracticeTest" duration-ms="116049" started-at="2022-08-19T03:52:48 CEST" finished-at="2022-08-19T03:54:44 CEST">
          <exception class="java.lang.Exception">
            <message>
              <![CDATA[Error occured in AddNewAddressFlow
 Exception in Click Method While performing click on  =>Proxy element for: DefaultElementLocator 'By.xpath: //*[contains(@id,'firstName')]'is not displayed 
java.lang.Exception: 
 Exception in waitForElementToBeDisplayed Method While Finding error while locating element => 
org.openqa.selenium.NoSuchWindowException: no such window: target window already closed
from unknown error: web view not found
  (Session info: chrome=103.0.5060.114)
Build info: version: '3.141.59', revision: 'e82be7d358', time: '2018-11-14T08:17:03'
System info: host: 'USDH3P5MYY2', ip: '192.168.2.4', os.name: 'Windows 10', os.arch: 'amd64', os.version: '10.0', java.version: '1.8.0_333'
Driver info: org.openqa.selenium.chrome.ChromeDriver
Capabilities {acceptInsecureCerts: false, browserName: chrome, browserVersion: 103.0.5060.114, chrome: {chromedriverVersion: 103.0.5060.134 (8ec6fce403b..., userDataDir: C:\Users\adash2\AppData\Loc...}, goog:chromeOptions: {debuggerAddress: localhost:60490}, javascriptEnabled: true, networkConnectionEnabled: false, pageLoadStrategy: normal, platform: WINDOWS, platformName: WINDOWS, proxy: Proxy(), setWindowRect: true, strictFileInteractability: false, timeouts: {implicit: 0, pageLoad: 300000, script: 30000}, unhandledPromptBehavior: dismiss and notify, webauthn:extension:credBlob: true, webauthn:extension:largeBlob: true, webauthn:virtualAuthenticators: true}
Session ID: 56b3c44cadf3bed75a75bc63bca761dd
*** Element info: {Using=xpath, value=//*[contains(@id,'firstName')]}]]>
            </message>
            <full-stacktrace>
              <![CDATA[java.lang.Exception: Error occured in AddNewAddressFlow
 Exception in Click Method While performing click on  =>Proxy element for: DefaultElementLocator 'By.xpath: //*[contains(@id,'firstName')]'is not displayed 
java.lang.Exception: 
 Exception in waitForElementToBeDisplayed Method While Finding error while locating element => 
org.openqa.selenium.NoSuchWindowException: no such window: target window already closed
from unknown error: web view not found
  (Session info: chrome=103.0.5060.114)
Build info: version: '3.141.59', revision: 'e82be7d358', time: '2018-11-14T08:17:03'
System info: host: 'USDH3P5MYY2', ip: '192.168.2.4', os.name: 'Windows 10', os.arch: 'amd64', os.version: '10.0', java.version: '1.8.0_333'
Driver info: org.openqa.selenium.chrome.ChromeDriver
Capabilities {acceptInsecureCerts: false, browserName: chrome, browserVersion: 103.0.5060.114, chrome: {chromedriverVersion: 103.0.5060.134 (8ec6fce403b..., userDataDir: C:\Users\adash2\AppData\Loc...}, goog:chromeOptions: {debuggerAddress: localhost:60490}, javascriptEnabled: true, networkConnectionEnabled: false, pageLoadStrategy: normal, platform: WINDOWS, platformName: WINDOWS, proxy: Proxy(), setWindowRect: true, strictFileInteractability: false, timeouts: {implicit: 0, pageLoad: 300000, script: 30000}, unhandledPromptBehavior: dismiss and notify, webauthn:extension:credBlob: true, webauthn:extension:largeBlob: true, webauthn:virtualAuthenticators: true}
Session ID: 56b3c44cadf3bed75a75bc63bca761dd
*** Element info: {Using=xpath, value=//*[contains(@id,'firstName')]}
at com.AutomationAsginmnt.Apps.TommyHController.AddNewAddressFlow(TommyHController.java:100)
at com.AutomationAsginmnt.Apps.TOMMYHILFIGERTest.testAutomationPracticeTest(TOMMYHILFIGERTest.java:38)
at sun.reflect.NativeMethodAccessorImpl.invoke0(Native Method)
at sun.reflect.NativeMethodAccessorImpl.invoke(NativeMethodAccessorImpl.java:62)
at sun.reflect.DelegatingMethodAccessorImpl.invoke(DelegatingMethodAccessorImpl.java:43)
at java.lang.reflect.Method.invoke(Method.java:498)
at org.testng.internal.MethodInvocationHelper.invokeMethod(MethodInvocationHelper.java:132)
at org.testng.internal.TestInvoker.invokeMethod(TestInvoker.java:599)
at org.testng.internal.TestInvoker.invokeTestMethod(TestInvoker.java:174)
at org.testng.internal.MethodRunner.runInSequence(MethodRunner.java:46)
at org.testng.internal.TestInvoker$MethodInvocationAgent.invoke(TestInvoker.java:822)
at org.testng.internal.TestInvoker.invokeTestMethods(TestInvoker.java:147)
at org.testng.internal.TestMethodWorker.invokeTestMethods(TestMethodWorker.java:146)
at org.testng.internal.TestMethodWorker.run(TestMethodWorker.java:128)
at java.util.ArrayList.forEach(ArrayList.java:1259)
at org.testng.TestRunner.privateRun(TestRunner.java:764)
at org.testng.TestRunner.run(TestRunner.java:585)
at org.testng.SuiteRunner.runTest(SuiteRunner.java:384)
at org.testng.SuiteRunner.runSequentially(SuiteRunner.java:378)
at org.testng.SuiteRunner.privateRun(SuiteRunner.java:337)
at org.testng.SuiteRunner.run(SuiteRunner.java:286)
at org.testng.SuiteRunnerWorker.runSuite(SuiteRunnerWorker.java:53)
at org.testng.SuiteRunnerWorker.run(SuiteRunnerWorker.java:96)
at org.testng.TestNG.runSuitesSequentially(TestNG.java:1218)
at org.testng.TestNG.runSuitesLocally(TestNG.java:1140)
at org.testng.TestNG.runSuites(TestNG.java:1069)
at org.testng.TestNG.run(TestNG.java:1037)
at org.apache.maven.surefire.testng.TestNGExecutor.run(TestNGExecutor.java:135)
at org.apache.maven.surefire.testng.TestNGDirectoryTestSuite.executeSingleClass(TestNGDirectoryTestSuite.java:112)
at org.apache.maven.surefire.testng.TestNGDirectoryTestSuite.execute(TestNGDirectoryTestSuite.java:99)
at org.apache.maven.surefire.testng.TestNGProvider.invoke(TestNGProvider.java:146)
at org.apache.maven.surefire.booter.ForkedBooter.invokeProviderInSameClassLoader(ForkedBooter.java:386)
at org.apache.maven.surefire.booter.ForkedBooter.runSuitesInProcess(ForkedBooter.java:323)
at org.apache.maven.surefire.booter.ForkedBooter.main(ForkedBooter.java:143)
]]>
            </full-stacktrace>
          </exception> <!-- java.lang.Exception -->
          <reporter-output>
          </reporter-output>
        </test-method> <!-- testAutomationPracticeTest -->
        <test-method status="PASS" signature="teardown()[pri:0, instance:com.AutomationAsginmnt.Apps.TOMMYHILFIGERTest@64bfbc86]" name="teardown" is-config="true" duration-ms="1284" started-at="2022-08-19T03:54:44 CEST" finished-at="2022-08-19T03:54:45 CEST">
          <reporter-output>
          </reporter-output>
        </test-method> <!-- teardown -->
        <test-method status="PASS" signature="getResult(org.testng.ITestResult)[pri:0, instance:com.AutomationAsginmnt.Apps.TOMMYHILFIGERTest@64bfbc86]" name="getResult" is-config="true" duration-ms="397" started-at="2022-08-19T03:54:45 CEST" finished-at="2022-08-19T03:54:45 CEST">
          <params>
            <param index="0">
              <value>
                <![CDATA[[TestResult name=testAutomationPracticeTest status=FAILURE method=TOMMYHILFIGERTest.testAutomationPracticeTest()[pri:0, instance:com.AutomationAsginmnt.Apps.TOMMYHILFIGERTest@64bfbc86] output={null}]]]>
              </value>
            </param>
          </params>
          <reporter-output>
          </reporter-output>
        </test-method> <!-- getResult -->
      </class> <!-- com.AutomationAsginmnt.Apps.TOMMYHILFIGERTest -->
    </test> <!-- Surefire test -->
  </suite> <!-- Surefire suite -->
</testng-results>
